Arguments: 
  /usr/bin/node /usr/share/yarn/bin/yarn.js install

PATH: 
  /home/devavi/.local/bin:/home/devavi/bin:/home/devavi/.local/bin:/home/devavi/bin:/usr/local/sbin:/usr/local/bin:/usr/sbin:/usr/bin:/sbin:/bin:/usr/games:/usr/local/games:/snap/bin:/home/devavi/Android/Sdk/emulator:/home/devavi/Android/Sdk/tools:/home/devavi/Android/Sdk/tools/bin:/home/devavi/Android/Sdk/platform-tools:/home/devavi/local/android-studio/bin:/home/devavi/Android/Sdk/emulator:/home/devavi/Android/Sdk/tools:/home/devavi/Android/Sdk/tools/bin:/home/devavi/Android/Sdk/platform-tools:/home/devavi/Android/Sdk/emulator:/home/devavi/Android/Sdk/tools:/home/devavi/Android/Sdk/tools/bin:/home/devavi/Android/Sdk/platform-tools

Yarn version: 
  1.22.5

Node version: 
  14.15.1

Platform: 
  linux x64

Trace: 
  SyntaxError: /home/devavi/.cache/yarn/v6/npm-@nestjs-core-7.6.13-b7518dceb436e6ed2c1fad2cff86ddf69b143e73-integrity/node_modules/@nestjs/core/.yarn-metadata.json: Unexpected end of JSON input
      at JSON.parse (<anonymous>)
      at /usr/share/yarn/lib/cli.js:1625:59
      at Generator.next (<anonymous>)
      at step (/usr/share/yarn/lib/cli.js:310:30)
      at /usr/share/yarn/lib/cli.js:321:13

npm manifest: 
  {
    "name": "pigen-server",
    "version": "0.0.1",
    "description": "An end-to-end encrypted chat application for mobile.",
    "author": {
      "name": "Avinash Sinha",
      "email": "devavilabs@gmail.com",
      "url": "https://devavi.xyz"
    },
    "private": true,
    "license": " Apache License 2.0",
    "scripts": {
      "prebuild": "rimraf dist",
      "build": "nest build",
      "format": "prettier --write \"src/**/*.ts\" \"test/**/*.ts\"",
      "start": "nest start",
      "start:dev": "nest start --watch",
      "start:debug": "nest start --debug --watch",
      "start:prod": "node dist/main",
      "lint": "eslint \"{src,apps,libs,test}/**/*.ts\" --fix",
      "test": "jest",
      "test:watch": "jest --watch",
      "test:cov": "jest --coverage",
      "test:debug": "node --inspect-brk -r tsconfig-paths/register -r ts-node/register node_modules/.bin/jest --runInBand",
      "test:e2e": "jest --config ./test/jest-e2e.json"
    },
    "dependencies": {
      "@nestjs/common": "^7.5.1",
      "@nestjs/core": "^7.5.1",
      "@nestjs/platform-express": "^7.5.1",
      "reflect-metadata": "^0.1.13",
      "rimraf": "^3.0.2",
      "rxjs": "^6.6.3"
    },
    "devDependencies": {
      "@nestjs/cli": "^7.5.1",
      "@nestjs/schematics": "^7.1.3",
      "@nestjs/testing": "^7.5.1",
      "@types/express": "^4.17.8",
      "@types/jest": "^26.0.15",
      "@types/node": "^14.14.6",
      "@types/supertest": "^2.0.10",
      "@typescript-eslint/eslint-plugin": "^4.6.1",
      "@typescript-eslint/parser": "^4.6.1",
      "eslint": "^7.12.1",
      "eslint-config-prettier": "7.2.0",
      "eslint-plugin-prettier": "^3.1.4",
      "jest": "^26.6.3",
      "prettier": "^2.1.2",
      "supertest": "^6.0.0",
      "ts-jest": "^26.4.3",
      "ts-loader": "^8.0.8",
      "ts-node": "^9.0.0",
      "tsconfig-paths": "^3.9.0",
      "typescript": "^4.0.5"
    },
    "jest": {
      "moduleFileExtensions": [
        "js",
        "json",
        "ts"
      ],
      "rootDir": "src",
      "testRegex": ".*\\.spec\\.ts$",
      "transform": {
        "^.+\\.(t|j)s$": "ts-jest"
      },
      "collectCoverageFrom": [
        "**/*.(t|j)s"
      ],
      "coverageDirectory": "../coverage",
      "testEnvironment": "node"
    }
  }

yarn manifest: 
  No manifest

Lockfile: 
  No lockfile
